Running: C:\Xilinx\14.7\ISE_DS\ISE\bin\nt64\unwrapped\fuse.exe -intstyle ise -incremental -o C:/Users/jeanw/Desktop/VHDL/vhdl_calculator/mult_block_tb_isim_beh.exe -prj C:/Users/jeanw/Desktop/VHDL/vhdl_calculator/mult_block_tb_beh.prj work.mult_block_tb 
ISim P.20131013 (signature 0x7708f090)
Number of CPUs detected in this system: 4
Turning on mult-threading, number of parallel sub-compilation jobs: 8 
Determining compilation order of HDL files
Parsing VHDL file "C:/Users/jeanw/Desktop/VHDL/vhdl_calculator/subtractor.vhd" into library work
Parsing VHDL file "C:/Users/jeanw/Desktop/VHDL/vhdl_calculator/register.vhd" into library work
Parsing VHDL file "C:/Users/jeanw/Desktop/VHDL/vhdl_calculator/mux.vhd" into library work
Parsing VHDL file "C:/Users/jeanw/Desktop/VHDL/vhdl_calculator/comparator_zero.vhd" into library work
Parsing VHDL file "C:/Users/jeanw/Desktop/VHDL/vhdl_calculator/comparator.vhd" into library work
Parsing VHDL file "C:/Users/jeanw/Desktop/VHDL/vhdl_calculator/commutator.vhd" into library work
Parsing VHDL file "C:/Users/jeanw/Desktop/VHDL/vhdl_calculator/adder.vhd" into library work
Parsing VHDL file "C:/Users/jeanw/Desktop/VHDL/vhdl_calculator/mult_block.vhd" into library work
Parsing VHDL file "C:/Users/jeanw/Desktop/VHDL/vhdl_calculator/mult_block_tb.vhd" into library work
Starting static elaboration
Completed static elaboration
Compiling package standard
Compiling package std_logic_1164
Compiling package std_logic_arith
Compiling package std_logic_unsigned
Compiling package numeric_std
Compiling architecture behavioral of entity comparator [comparator_default]
Compiling architecture behavioral of entity commutator [commutator_default]
Compiling architecture behavioral of entity reg [reg_default]
Compiling architecture behavioral of entity mux [mux_default]
Compiling architecture behavioral of entity adder [adder_default]
Compiling architecture behavioral of entity subtractor [subtractor_default]
Compiling architecture behavioral of entity comparator_zero [comparator_zero_default]
Compiling architecture behavioral of entity mult_block [mult_block_default]
Compiling architecture behavior of entity mult_block_tb
Time Resolution for simulation is 1ps.
Waiting for 5 sub-compilation(s) to finish...
WARNING:Simulator - Unable to copy libPortabilityNOSH.dll to the simulation executable directory: boost::filesystem::copy_file: O sistema não pode encontrar o caminho especificado, "isim\mult_block_tb_isim_beh.exe.sim\libPortability.dll".
Compiled 22 VHDL Units
Built simulation executable C:/Users/jeanw/Desktop/VHDL/vhdl_calculator/mult_block_tb_isim_beh.exe
Fuse Memory Usage: 37168 KB
Fuse CPU Usage: 656 ms
