Release 14.7 - xst P.20131013 (nt64)
Copyright (c) 1995-2013 Xilinx, Inc.  All rights reserved.
--> Parameter TMPDIR set to xst/projnav.tmp


Total REAL time to Xst completion: 0.00 secs
Total CPU time to Xst completion: 0.21 secs
 
--> Parameter xsthdpdir set to xst


Total REAL time to Xst completion: 0.00 secs
Total CPU time to Xst completion: 0.21 secs
 
--> Reading design: register_bank.prj

TABLE OF CONTENTS
  1) Synthesis Options Summary
  2) HDL Compilation
  3) Design Hierarchy Analysis
  4) HDL Analysis
  5) HDL Synthesis
     5.1) HDL Synthesis Report
  6) Advanced HDL Synthesis
     6.1) Advanced HDL Synthesis Report
  7) Low Level Synthesis
  8) Partition Report
  9) Final Report
	9.1) Device utilization summary
	9.2) Partition Resource Summary
	9.3) TIMING REPORT


=========================================================================
*                      Synthesis Options Summary                        *
=========================================================================
---- Source Parameters
Input File Name                    : "register_bank.prj"
Input Format                       : mixed
Ignore Synthesis Constraint File   : NO

---- Target Parameters
Output File Name                   : "register_bank"
Output Format                      : NGC
Target Device                      : xc3s1000-4-ft256

---- Source Options
Top Module Name                    : register_bank
Automatic FSM Extraction           : YES
FSM Encoding Algorithm             : Auto
Safe Implementation                : No
FSM Style                          : LUT
RAM Extraction                     : Yes
RAM Style                          : Auto
ROM Extraction                     : Yes
Mux Style                          : Auto
Decoder Extraction                 : YES
Priority Encoder Extraction        : Yes
Shift Register Extraction          : YES
Logical Shifter Extraction         : YES
XOR Collapsing                     : YES
ROM Style                          : Auto
Mux Extraction                     : Yes
Resource Sharing                   : YES
Asynchronous To Synchronous        : NO
Multiplier Style                   : Auto
Automatic Register Balancing       : No

---- Target Options
Add IO Buffers                     : YES
Global Maximum Fanout              : 100000
Add Generic Clock Buffer(BUFG)     : 8
Register Duplication               : YES
Slice Packing                      : YES
Optimize Instantiated Primitives   : NO
Use Clock Enable                   : Yes
Use Synchronous Set                : Yes
Use Synchronous Reset              : Yes
Pack IO Registers into IOBs        : Auto
Equivalent register Removal        : YES

---- General Options
Optimization Goal                  : Speed
Optimization Effort                : 1
Keep Hierarchy                     : No
Netlist Hierarchy                  : As_Optimized
RTL Output                         : Yes
Global Optimization                : AllClockNets
Read Cores                         : YES
Write Timing Constraints           : NO
Cross Clock Analysis               : NO
Hierarchy Separator                : /
Bus Delimiter                      : <>
Case Specifier                     : Maintain
Slice Utilization Ratio            : 100
BRAM Utilization Ratio             : 100
Verilog 2001                       : YES
Auto BRAM Packing                  : NO
Slice Utilization Ratio Delta      : 5

=========================================================================


=========================================================================
*                          HDL Compilation                              *
=========================================================================
Compiling vhdl file "C:/Users/jeanw/Desktop/VHDL/vhdl-calculator/demux_3bits.vhd" in Library work.
Architecture behavioral of Entity demux_3bits is up to date.
Compiling vhdl file "C:/Users/jeanw/Desktop/VHDL/vhdl-calculator/register.vhd" in Library work.
Architecture behavioral of Entity reg is up to date.
Compiling vhdl file "C:/Users/jeanw/Desktop/VHDL/vhdl-calculator/mux_3bits.vhd" in Library work.
Architecture behavioral of Entity mux_3bits is up to date.
Compiling vhdl file "C:/Users/jeanw/Desktop/VHDL/vhdl-calculator/register_bank.vhd" in Library work.
Architecture behavioral of Entity register_bank is up to date.

=========================================================================
*                     Design Hierarchy Analysis                         *
=========================================================================
Analyzing hierarchy for entity <register_bank> in library <work> (architecture <behavioral>).

Analyzing hierarchy for entity <demux_3bits> in library <work> (architecture <behavioral>).

Analyzing hierarchy for entity <reg> in library <work> (architecture <behavioral>).

Analyzing hierarchy for entity <mux_3bits> in library <work> (architecture <behavioral>).


=========================================================================
*                            HDL Analysis                               *
=========================================================================
Analyzing Entity <register_bank> in library <work> (Architecture <behavioral>).
INFO:Xst:1739 - HDL ADVISOR - "C:/Users/jeanw/Desktop/VHDL/vhdl-calculator/register_bank.vhd" line 11: declaration of a buffer port will make it difficult for you to validate this design by simulation. It is preferable to declare it as output.
INFO:Xst:1739 - HDL ADVISOR - "C:/Users/jeanw/Desktop/VHDL/vhdl-calculator/register_bank.vhd" line 9: declaration of a buffer port will make it difficult for you to validate this design by simulation. It is preferable to declare it as output.
INFO:Xst:1739 - HDL ADVISOR - "C:/Users/jeanw/Desktop/VHDL/vhdl-calculator/register_bank.vhd" line 9: declaration of a buffer port will make it difficult for you to validate this design by simulation. It is preferable to declare it as output.
INFO:Xst:1739 - HDL ADVISOR - "C:/Users/jeanw/Desktop/VHDL/vhdl-calculator/register_bank.vhd" line 9: declaration of a buffer port will make it difficult for you to validate this design by simulation. It is preferable to declare it as output.
INFO:Xst:1739 - HDL ADVISOR - "C:/Users/jeanw/Desktop/VHDL/vhdl-calculator/register_bank.vhd" line 9: declaration of a buffer port will make it difficult for you to validate this design by simulation. It is preferable to declare it as output.
INFO:Xst:1739 - HDL ADVISOR - "C:/Users/jeanw/Desktop/VHDL/vhdl-calculator/register_bank.vhd" line 9: declaration of a buffer port will make it difficult for you to validate this design by simulation. It is preferable to declare it as output.
INFO:Xst:1739 - HDL ADVISOR - "C:/Users/jeanw/Desktop/VHDL/vhdl-calculator/register_bank.vhd" line 9: declaration of a buffer port will make it difficult for you to validate this design by simulation. It is preferable to declare it as output.
INFO:Xst:1739 - HDL ADVISOR - "C:/Users/jeanw/Desktop/VHDL/vhdl-calculator/register_bank.vhd" line 9: declaration of a buffer port will make it difficult for you to validate this design by simulation. It is preferable to declare it as output.
INFO:Xst:1739 - HDL ADVISOR - "C:/Users/jeanw/Desktop/VHDL/vhdl-calculator/register_bank.vhd" line 9: declaration of a buffer port will make it difficult for you to validate this design by simulation. It is preferable to declare it as output.
Entity <register_bank> analyzed. Unit <register_bank> generated.

Analyzing Entity <demux_3bits> in library <work> (Architecture <behavioral>).
Entity <demux_3bits> analyzed. Unit <demux_3bits> generated.

Analyzing Entity <reg> in library <work> (Architecture <behavioral>).
Entity <reg> analyzed. Unit <reg> generated.

Analyzing Entity <mux_3bits> in library <work> (Architecture <behavioral>).
Entity <mux_3bits> analyzed. Unit <mux_3bits> generated.


=========================================================================
*                           HDL Synthesis                               *
=========================================================================

Performing bidirectional port resolution...

Synthesizing Unit <demux_3bits>.
    Related source file is "C:/Users/jeanw/Desktop/VHDL/vhdl-calculator/demux_3bits.vhd".
Unit <demux_3bits> synthesized.


Synthesizing Unit <reg>.
    Related source file is "C:/Users/jeanw/Desktop/VHDL/vhdl-calculator/register.vhd".
    Found 8-bit register for signal <stored>.
    Summary:
	inferred   8 D-type flip-flop(s).
Unit <reg> synthesized.


Synthesizing Unit <mux_3bits>.
    Related source file is "C:/Users/jeanw/Desktop/VHDL/vhdl-calculator/mux_3bits.vhd".
    Found 8-bit 8-to-1 multiplexer for signal <s>.
    Summary:
	inferred   8 Multiplexer(s).
Unit <mux_3bits> synthesized.


Synthesizing Unit <register_bank>.
    Related source file is "C:/Users/jeanw/Desktop/VHDL/vhdl-calculator/register_bank.vhd".
WARNING:Xst:1780 - Signal <set_signal> is never used or assigned. This unconnected signal will be trimmed during the optimization process.
Unit <register_bank> synthesized.


=========================================================================
HDL Synthesis Report

Macro Statistics
# Registers                                            : 8
 8-bit register                                        : 8
# Multiplexers                                         : 1
 8-bit 8-to-1 multiplexer                              : 1

=========================================================================

=========================================================================
*                       Advanced HDL Synthesis                          *
=========================================================================


=========================================================================
Advanced HDL Synthesis Report

Macro Statistics
# Registers                                            : 64
 Flip-Flops                                            : 64
# Multiplexers                                         : 1
 8-bit 8-to-1 multiplexer                              : 1

=========================================================================

=========================================================================
*                         Low Level Synthesis                           *
=========================================================================

Optimizing unit <register_bank> ...

Mapping all equations...
Building and optimizing final netlist ...
Found area constraint ratio of 100 (+ 5) on block register_bank, actual ratio is 0.

Final Macro Processing ...

=========================================================================
Final Register Report

Macro Statistics
# Registers                                            : 64
 Flip-Flops                                            : 64

=========================================================================

=========================================================================
*                           Partition Report                            *
=========================================================================

Partition Implementation Status
-------------------------------

  No Partitions were found in this design.

-------------------------------

=========================================================================
*                            Final Report                               *
=========================================================================
Final Results
RTL Top Level Output File Name     : register_bank.ngr
Top Level Output File Name         : register_bank
Output Format                      : NGC
Optimization Goal                  : Speed
Keep Hierarchy                     : No

Design Statistics
# IOs                              : 22

Cell Usage :
# BELS                             : 64
#      LUT3                        : 32
#      LUT4                        : 8
#      MUXF5                       : 16
#      MUXF6                       : 8
# FlipFlops/Latches                : 64
#      FDCE                        : 64
# Clock Buffers                    : 1
#      BUFGP                       : 1
# IO Buffers                       : 21
#      IBUF                        : 13
#      OBUF                        : 8
=========================================================================

Device utilization summary:
---------------------------

Selected Device : 3s1000ft256-4 

 Number of Slices:                       53  out of   7680     0%  
 Number of Slice Flip Flops:             64  out of  15360     0%  
 Number of 4 input LUTs:                 40  out of  15360     0%  
 Number of IOs:                          22
 Number of bonded IOBs:                  22  out of    173    12%  
 Number of GCLKs:                         1  out of      8    12%  

---------------------------
Partition Resource Summary:
---------------------------

  No Partitions were found in this design.

---------------------------


=========================================================================
TIMING REPORT

NOTE: THESE TIMING NUMBERS ARE ONLY A SYNTHESIS ESTIMATE.
      FOR ACCURATE TIMING INFORMATION PLEASE REFER TO THE TRACE REPORT
      GENERATED AFTER PLACE-and-ROUTE.

Clock Information:
------------------
-----------------------------------+------------------------+-------+
Clock Signal                       | Clock buffer(FF name)  | Load  |
-----------------------------------+------------------------+-------+
clock                              | BUFGP                  | 64    |
-----------------------------------+------------------------+-------+

Asynchronous Control Signals Information:
----------------------------------------
-----------------------------------+------------------------+-------+
Control Signal                     | Buffer(FF name)        | Load  |
-----------------------------------+------------------------+-------+
reset                              | IBUF                   | 64    |
-----------------------------------+------------------------+-------+

Timing Summary:
---------------
Speed Grade: -4

   Minimum period: No path found
   Minimum input arrival time before clock: 5.295ns
   Maximum output required time after clock: 9.414ns
   Maximum combinational path delay: 10.757ns

Timing Detail:
--------------
All values displayed in nanoseconds (ns)

=========================================================================
Timing constraint: Default OFFSET IN BEFORE for Clock 'clock'
  Total number of paths / destination ports: 320 / 128
-------------------------------------------------------------------------
Offset:              5.295ns (Levels of Logic = 2)
  Source:            index<0> (PAD)
  Destination:       reg7/stored_7 (FF)
  Destination Clock: clock rising

  Data Path: index<0> to reg7/stored_7
                                Gate     Net
    Cell:in->out      fanout   Delay   Delay  Logical Name (Net Name)
    ----------------------------------------  ------------
     IBUF:I->O            40   0.821   2.238  index_0_IBUF (index_0_IBUF)
     LUT4:I0->O            8   0.551   1.083  demux3b/h_and00001 (set7)
     FDCE:CE                   0.602          reg7/stored_0
    ----------------------------------------
    Total                      5.295ns (1.974ns logic, 3.321ns route)
                                       (37.3% logic, 62.7% route)

=========================================================================
Timing constraint: Default OFFSET OUT AFTER for Clock 'clock'
  Total number of paths / destination ports: 64 / 8
-------------------------------------------------------------------------
Offset:              9.414ns (Levels of Logic = 4)
  Source:            reg0/stored_7 (FF)
  Destination:       stored<7> (PAD)
  Source Clock:      clock rising

  Data Path: reg0/stored_7 to stored<7>
                                Gate     Net
    Cell:in->out      fanout   Delay   Delay  Logical Name (Net Name)
    ----------------------------------------  ------------
     FDCE:C->Q             1   0.720   0.996  reg0/stored_7 (reg0/stored_7)
     LUT3:I1->O            1   0.551   0.000  mux3b/Mmux_s_67 (mux3b/Mmux_s_67)
     MUXF5:I0->O           1   0.360   0.000  mux3b/Mmux_s_4_f5_6 (mux3b/Mmux_s_4_f57)
     MUXF6:I0->O           1   0.342   0.801  mux3b/Mmux_s_2_f6_6 (stored_7_OBUF)
     OBUF:I->O                 5.644          stored_7_OBUF (stored<7>)
    ----------------------------------------
    Total                      9.414ns (7.617ns logic, 1.797ns route)
                                       (80.9% logic, 19.1% route)

=========================================================================
Timing constraint: Default path analysis
  Total number of paths / destination ports: 56 / 8
-------------------------------------------------------------------------
Delay:               10.757ns (Levels of Logic = 5)
  Source:            index<0> (PAD)
  Destination:       stored<7> (PAD)

  Data Path: index<0> to stored<7>
                                Gate     Net
    Cell:in->out      fanout   Delay   Delay  Logical Name (Net Name)
    ----------------------------------------  ------------
     IBUF:I->O            40   0.821   2.238  index_0_IBUF (index_0_IBUF)
     LUT3:I0->O            1   0.551   0.000  mux3b/Mmux_s_4 (mux3b/Mmux_s_4)
     MUXF5:I1->O           1   0.360   0.000  mux3b/Mmux_s_3_f5 (mux3b/Mmux_s_3_f5)
     MUXF6:I1->O           1   0.342   0.801  mux3b/Mmux_s_2_f6 (stored_0_OBUF)
     OBUF:I->O                 5.644          stored_0_OBUF (stored<0>)
    ----------------------------------------
    Total                     10.757ns (7.718ns logic, 3.039ns route)
                                       (71.7% logic, 28.3% route)

=========================================================================


Total REAL time to Xst completion: 6.00 secs
Total CPU time to Xst completion: 6.05 secs
 
--> 

Total memory usage is 4536532 kilobytes

Number of errors   :    0 (   0 filtered)
Number of warnings :    1 (   0 filtered)
Number of infos    :    9 (   0 filtered)

