Command line:
   memory_tb_isim_beh.exe
     -simmode  gui
     -simrunnum  0
     -socket  64652

Sat Nov 16 23:55:36 2019


 Elaboration Time: 0.0625 sec

 Current Memory Usage: 5180.46 Meg

 Total Signals          : 12
 Total Nets             : 51
 Total Signal Drivers   : 6
 Total Blocks           : 3
 Total Primitive Blocks : 2
 Total Processes        : 5
 Total Traceable Variables  : 10
 Total Scalar Nets and Variables : 481
In process memory.vhd:19 
 

 Total Simulation Time: 0.15625 sec

 Current Memory Usage: 5495.03 Meg

Sat Nov 16 23:56:10 2019

